2025-10-15 22:17:16 INFO            _                _                      
2025-10-15 22:17:16 INFO           / \   ___ ___ ___| | ___ _ __ __ _ _   _ 
2025-10-15 22:17:16 INFO          / _ \ / __/ __/ _ \ |/ _ \ '__/ _` | | | |
2025-10-15 22:17:16 INFO         / ___ \ (_| (_|  __/ |  __/ | | (_| | |_| |
2025-10-15 22:17:16 INFO        /_/   \_\___\___\___|_|\___|_|  \__, |\__, |
2025-10-15 22:17:16 INFO                                        |___/ |___/ 
2025-10-15 22:17:16 INFO        generating outputs according to the following specified output flags... 
2025-10-15 22:17:16 INFO         Please use the -f flag to update the preference (default to all output files)
2025-10-15 22:17:16 INFO        {'ERT': 1, 'ERT_summary': 1, 'ART': 1, 'ART_summary': 1, 'energy_estimation': 1, 'flattened_arch': 1}
2025-10-15 22:17:16 INFO        Located config file at /home/ljy/.config/accelergy/accelergy_config.yaml.
2025-10-15 22:17:16 INFO        config file located:
2025-10-15 22:17:16 INFO        /home/ljy/.config/accelergy/accelergy_config.yaml
2025-10-15 22:17:16 INFO        YAML Setting environment variable TIMELOOP_HIDE_INCONSEQUENTIAL_STATS to 1
2025-10-15 22:17:16 INFO        Parsing file /home/ljy/workspace/mapping/timeloop-accelergy-exercises/workspace/example_designs/example_designs/sparseloop/01.2.2-SUDU-dot-product/ref_outputs/default_problem/parsed-processed-input.yaml for architecture info
2025-10-15 22:17:16 INFO        Parsing file /home/ljy/workspace/mapping/timeloop-accelergy-exercises/workspace/example_designs/example_designs/sparseloop/01.2.2-SUDU-dot-product/ref_outputs/default_problem/parsed-processed-input.yaml for compound_components info
2025-10-15 22:17:16 INFO        YAML Setting environment variable TIMELOOP_HIDE_INCONSEQUENTIAL_STATS to 1
2025-10-15 22:17:16 INFO        Estimator plug-in identified by: /home/ljy/anaconda3/envs/tsmap2/share/accelergy/estimation_plug_ins/accelergy-neurosim-plugin/neurosim.estimator.yaml
2025-10-15 22:17:16 INFO        Estimator plug-in identified by: /home/ljy/anaconda3/envs/tsmap2/share/accelergy/estimation_plug_ins/accelergy-table-based-plug-ins/table.estimator.yaml
2025-10-15 22:17:16 INFO        Estimator plug-in identified by: /home/ljy/anaconda3/envs/tsmap2/share/accelergy/estimation_plug_ins/accelergy-adc-plug-in/adc.estimator.yaml
2025-10-15 22:17:16 INFO        Estimator plug-in identified by: /home/ljy/anaconda3/envs/tsmap2/share/accelergy/estimation_plug_ins/accelergy-cacti-plug-in/cacti.estimator.yaml
2025-10-15 22:17:16 INFO        Estimator plug-in identified by: /home/ljy/anaconda3/envs/tsmap2/share/accelergy/estimation_plug_ins/accelergy-aladdin-plug-in/aladdin.estimator.yaml
2025-10-15 22:17:16 INFO        Estimator plug-in identified by: /home/ljy/anaconda3/envs/tsmap2/share/accelergy/estimation_plug_ins/accelergy-library-plugin/library.estimator.yaml
2025-10-15 22:17:17 INFO        Estimator plug-in identified by: /home/ljy/anaconda3/envs/tsmap2/share/accelergy/estimation_plug_ins/dummy_tables/dummy.estimator.yaml
2025-10-15 22:17:17 INFO        Loading Python plug-in: /home/ljy/anaconda3/envs/tsmap2/share/accelergy/estimation_plug_ins/accelergy-cacti-plug-in/cacti_wrapper.py. Errors below are likely due to plug-in, not Accelergy.
2025-10-15 22:17:17 INFO        Getting all estimators in module <module 'python_plug_in0' from '/home/ljy/anaconda3/envs/tsmap2/share/accelergy/estimation_plug_ins/accelergy-cacti-plug-in/cacti_wrapper.py'>
2025-10-15 22:17:17 INFO        Added estimator CactiCache that estimates cache with actions idle, read, read_access, update, update_access, write, write_access, leak
2025-10-15 22:17:17 INFO        Added estimator CactiDRAM that estimates ['DRAM', 'dram'] with actions idle, read, update, write, leak
2025-10-15 22:17:17 INFO        Added estimator CactiSRAM that estimates ['SRAM', 'sram'] with actions idle, read, update, write, leak
2025-10-15 22:17:17 INFO        Done loading Python plug-ins.
2025-10-15 22:17:17 INFO        Found estimator plug-in: Neurosim Plug-In (<NeuroWrapper.NeuroWrapper object at 0x7daa09e06440>)
2025-10-15 22:17:17 INFO        Found estimator plug-in: DEPRECATED table-based-plug-ins. Use the Library plug-in instead. (<SetsOfTables.SetsOfTables object at 0x7daa09e056f0>)
2025-10-15 22:17:17 INFO        Found estimator plug-in: ADC Plug-In (<ADCEstimator.ADCEstimator object at 0x7daa09e07550>)
2025-10-15 22:17:17 INFO        Found estimator plug-in: Aladdin_table (<AladdinTable.AladdinTable object at 0x7daa09eaead0>)
2025-10-15 22:17:17 INFO        Found estimator plug-in: Library (<LibraryEstimator.LibraryEstimator object at 0x7daa09e72800>)
2025-10-15 22:17:17 INFO        Found estimator plug-in: dummy (<DummyTable.DummyTable object at 0x7daa09e73c40>)
2025-10-15 22:17:17 INFO        Found estimator plug-in: CactiCache (<accelergy.plug_in_interface.estimator_wrapper.EstimatorWrapper object at 0x7daa09c90130>)
2025-10-15 22:17:17 INFO        Found estimator plug-in: CactiDRAM (<accelergy.plug_in_interface.estimator_wrapper.EstimatorWrapper object at 0x7daa09c90190>)
2025-10-15 22:17:17 INFO        Found estimator plug-in: CactiSRAM (<accelergy.plug_in_interface.estimator_wrapper.EstimatorWrapper object at 0x7daa09e72620>)
2025-10-15 22:17:17 INFO        Calculated list index expression as "width*depth" = 512.
2025-10-15 22:17:17 INFO        Calculated list index expression as "depth" = 64.
2025-10-15 22:17:17 INFO        Calculated storage[1..512]."global_cycle_seconds" as "global_cycle_seconds" = 1e-09.
2025-10-15 22:17:17 INFO        Calculated comparator[1..64]."n_bits" as "max(1, ceil(log2(depth)))" = 6.
2025-10-15 22:17:17 INFO        Calculated comparator[1..64]."global_cycle_seconds" as "global_cycle_seconds" = 1e-09.
2025-10-15 22:17:17 INFO        Calculated list index expression as "width" = 8.
2025-10-15 22:17:17 INFO        Calculated list index expression as "depth" = 64.
2025-10-15 22:17:17 INFO        Calculated list index expression as "width" = 8.
2025-10-15 22:17:17 INFO        Calculated list index expression as "depth" = 64.
2025-10-15 22:17:17 INFO        Calculated list index expression as "width*depth" = 512.
2025-10-15 22:17:17 INFO        Calculated PE_top_level.Buffer[1..1].leak.leak."global_cycle_seconds" as "global_cycle_seconds" = 1e-09.
2025-10-15 22:17:17 INFO        Calculated list index expression as "depth" = 64.
2025-10-15 22:17:17 INFO        Calculated PE_top_level.Buffer[1..1].leak.leak."global_cycle_seconds" as "global_cycle_seconds" = 1e-09.
2025-10-15 22:17:17 INFO        Calculated list index expression as "width" = 8.
2025-10-15 22:17:17 INFO        Calculated list index expression as "depth" = 64.
2025-10-15 22:17:17 INFO        Calculated intadder."width" as "adder_width" = 16.
2025-10-15 22:17:17 INFO        Calculated intmultiplier."width_a" as "multiplier_width" = 8.
2025-10-15 22:17:17 INFO        Calculated intmultiplier."width_b" as "multiplier_width" = 8.
2025-10-15 22:17:17 INFO        
2025-10-15 22:17:17 INFO        ENERGY ESTIMATION for aladdin_register(global_cycle_seconds=1e-09, action_latency_cycles=1, cycle_seconds=1e-09, technology=45nm, n_instances=1).write(global_cycle_seconds=1e-09, action_latency_cycles=1, cycle_seconds=1e-09, technology=45nm, n_instances=1)
2025-10-15 22:17:17 INFO        Library estimated 0.0p with accuracy 90%. Messages:
2025-10-15 22:17:17 INFO        | Found 1 entries for aladdin_register.write.
2025-10-15 22:17:17 INFO        | Checking entry "{'technology': '40nm', 'global_cycle_seconds': '1e-9', 'width|datawidth': '1', 'dynamic energy(pJ)': '0', 'area(um^2)': '5.98E+00', 'action': 'write', 'name': 'aladdin_register', 'n_instances': 1}
2025-10-15 22:17:17 INFO        | value=0.0, matching_attrs=2, log=['Scaling global_cycle_seconds from 1e-9 to 1e-09', 'Scaling technology from 40nm to 45nm', 'Scaled aladdin_register.global_cycle_seconds from 1e-09 to 1e-09: 1x energy', 'Scaled aladdin_register.technology from 40.0 to 45.0: 1.265241016612673x energy', 'aladdin_register energy has been scaled 1.265241016612673x']
2025-10-15 22:17:17 INFO        | Best-matching entry: {'technology': '40nm', 'global_cycle_seconds': '1e-9', 'width|datawidth': '1', 'dynamic energy(pJ)': '0', 'area(um^2)': '5.98E+00', 'action': 'write', 'name': 'aladdin_register', 'n_instances': 1}
2025-10-15 22:17:17 INFO        | Scaling global_cycle_seconds from 1e-9 to 1e-09
2025-10-15 22:17:17 INFO        | Scaling technology from 40nm to 45nm
2025-10-15 22:17:17 INFO        | Scaled aladdin_register.global_cycle_seconds from 1e-09 to 1e-09: 1x energy
2025-10-15 22:17:17 INFO        | Scaled aladdin_register.technology from 40.0 to 45.0: 1.265241016612673x energy
2025-10-15 22:17:17 INFO        | aladdin_register energy has been scaled 1.265241016612673x
2025-10-15 22:17:17 INFO        
2025-10-15 22:17:17 INFO        ENERGY ESTIMATION for aladdin_comparator(n_bits=6, global_cycle_seconds=1e-09, action_latency_cycles=1, cycle_seconds=1e-09, technology=45nm, n_instances=1).compare(global_cycle_seconds=1e-09, action_latency_cycles=1, cycle_seconds=1e-09, technology=45nm, n_instances=1)
2025-10-15 22:17:17 INFO        Library estimated 0.037286652759575475p with accuracy 90%. Messages:
2025-10-15 22:17:17 INFO        | Found 1 entries for aladdin_comparator.compare.
2025-10-15 22:17:17 INFO        | Checking entry "{'technology': '40nm', 'global_cycle_seconds': '1e-9', 'width|datawidth': '32', 'energy(pJ)': '0.02947', 'area(um^2)': '71', 'action': 'compare', 'name': 'aladdin_comparator', 'n_instances': 1}
2025-10-15 22:17:17 INFO        | value=0.02947, matching_attrs=2, log=['Scaling global_cycle_seconds from 1e-9 to 1e-09', 'Scaling technology from 40nm to 45nm', 'Scaled aladdin_comparator.global_cycle_seconds from 1e-09 to 1e-09: 1x energy', 'Scaled aladdin_comparator.technology from 40.0 to 45.0: 1.265241016612673x energy', 'aladdin_comparator energy has been scaled 1.265241016612673x']
2025-10-15 22:17:17 INFO        | Best-matching entry: {'technology': '40nm', 'global_cycle_seconds': '1e-9', 'width|datawidth': '32', 'energy(pJ)': '0.02947', 'area(um^2)': '71', 'action': 'compare', 'name': 'aladdin_comparator', 'n_instances': 1}
2025-10-15 22:17:17 INFO        | Scaling global_cycle_seconds from 1e-9 to 1e-09
2025-10-15 22:17:17 INFO        | Scaling technology from 40nm to 45nm
2025-10-15 22:17:17 INFO        | Scaled aladdin_comparator.global_cycle_seconds from 1e-09 to 1e-09: 1x energy
2025-10-15 22:17:17 INFO        | Scaled aladdin_comparator.technology from 40.0 to 45.0: 1.265241016612673x energy
2025-10-15 22:17:17 INFO        | aladdin_comparator energy has been scaled 1.265241016612673x
2025-10-15 22:17:17 INFO        
2025-10-15 22:17:17 INFO        ENERGY ESTIMATION for aladdin_register(global_cycle_seconds=1e-09, action_latency_cycles=1, cycle_seconds=1e-09, technology=45nm, n_instances=1).read(global_cycle_seconds=1e-09, action_latency_cycles=1, cycle_seconds=1e-09, technology=45nm, n_instances=1)
2025-10-15 22:17:17 INFO        Library estimated 0.011387169149514056p with accuracy 90%. Messages:
2025-10-15 22:17:17 INFO        | Found 1 entries for aladdin_register.read.
2025-10-15 22:17:17 INFO        | Checking entry "{'technology': '40nm', 'global_cycle_seconds': '1e-9', 'width|datawidth': '1', 'dynamic energy(pJ)': '0.009', 'area(um^2)': '5.98E+00', 'action': 'read', 'name': 'aladdin_register', 'n_instances': 1}
2025-10-15 22:17:17 INFO        | value=0.009, matching_attrs=2, log=['Scaling global_cycle_seconds from 1e-9 to 1e-09', 'Scaling technology from 40nm to 45nm', 'Scaled aladdin_register.global_cycle_seconds from 1e-09 to 1e-09: 1x energy', 'Scaled aladdin_register.technology from 40.0 to 45.0: 1.265241016612673x energy', 'aladdin_register energy has been scaled 1.265241016612673x']
2025-10-15 22:17:17 INFO        | Best-matching entry: {'technology': '40nm', 'global_cycle_seconds': '1e-9', 'width|datawidth': '1', 'dynamic energy(pJ)': '0.009', 'area(um^2)': '5.98E+00', 'action': 'read', 'name': 'aladdin_register', 'n_instances': 1}
2025-10-15 22:17:17 INFO        | Scaling global_cycle_seconds from 1e-9 to 1e-09
2025-10-15 22:17:17 INFO        | Scaling technology from 40nm to 45nm
2025-10-15 22:17:17 INFO        | Scaled aladdin_register.global_cycle_seconds from 1e-09 to 1e-09: 1x energy
2025-10-15 22:17:17 INFO        | Scaled aladdin_register.technology from 40.0 to 45.0: 1.265241016612673x energy
2025-10-15 22:17:17 INFO        | aladdin_register energy has been scaled 1.265241016612673x
2025-10-15 22:17:17 INFO        
2025-10-15 22:17:17 INFO        ENERGY ESTIMATION for aladdin_comparator(n_bits=6, global_cycle_seconds=1e-09, action_latency_cycles=1, cycle_seconds=1e-09, technology=45nm, n_instances=1).compare(global_cycle_seconds=1e-09, action_latency_cycles=1, cycle_seconds=1e-09, technology=45nm, n_instances=1)
2025-10-15 22:17:17 INFO        Library estimated 0.037286652759575475p with accuracy 90%. Messages:
2025-10-15 22:17:17 INFO        | Found 1 entries for aladdin_comparator.compare.
2025-10-15 22:17:17 INFO        | Checking entry "{'technology': '40nm', 'global_cycle_seconds': '1e-9', 'width|datawidth': '32', 'energy(pJ)': '0.02947', 'area(um^2)': '71', 'action': 'compare', 'name': 'aladdin_comparator', 'n_instances': 1}
2025-10-15 22:17:17 INFO        | value=0.02947, matching_attrs=2, log=['Scaling global_cycle_seconds from 1e-9 to 1e-09', 'Scaling technology from 40nm to 45nm', 'Scaled aladdin_comparator.global_cycle_seconds from 1e-09 to 1e-09: 1x energy', 'Scaled aladdin_comparator.technology from 40.0 to 45.0: 1.265241016612673x energy', 'aladdin_comparator energy has been scaled 1.265241016612673x']
2025-10-15 22:17:17 INFO        | Best-matching entry: {'technology': '40nm', 'global_cycle_seconds': '1e-9', 'width|datawidth': '32', 'energy(pJ)': '0.02947', 'area(um^2)': '71', 'action': 'compare', 'name': 'aladdin_comparator', 'n_instances': 1}
2025-10-15 22:17:17 INFO        | Scaling global_cycle_seconds from 1e-9 to 1e-09
2025-10-15 22:17:17 INFO        | Scaling technology from 40nm to 45nm
2025-10-15 22:17:17 INFO        | Scaled aladdin_comparator.global_cycle_seconds from 1e-09 to 1e-09: 1x energy
2025-10-15 22:17:17 INFO        | Scaled aladdin_comparator.technology from 40.0 to 45.0: 1.265241016612673x energy
2025-10-15 22:17:17 INFO        | aladdin_comparator energy has been scaled 1.265241016612673x
2025-10-15 22:17:17 INFO        
2025-10-15 22:17:17 INFO        ENERGY ESTIMATION for aladdin_register(global_cycle_seconds=1e-09, action_latency_cycles=1, cycle_seconds=1e-09, technology=45nm, n_instances=1).leak(global_cycle_seconds=1e-09, action_latency_cycles=1, cycle_seconds=1e-09, technology=45nm, n_instances=1)
2025-10-15 22:17:17 INFO        Library estimated 0.0p with accuracy 90%. Messages:
2025-10-15 22:17:17 INFO        | Found 1 entries for aladdin_register.leak.
2025-10-15 22:17:17 INFO        | Checking entry "{'technology': '40nm', 'global_cycle_seconds': '1e-9', 'width|datawidth': '1', 'dynamic energy(pJ)': '0', 'area(um^2)': '5.98E+00', 'action': 'leak', 'name': 'aladdin_register', 'n_instances': 1}
2025-10-15 22:17:17 INFO        | value=0.0, matching_attrs=2, log=['Scaling global_cycle_seconds from 1e-9 to 1e-09', 'Scaling technology from 40nm to 45nm', 'Scaled aladdin_register.global_cycle_seconds from 1e-09 to 1e-09: 1.0x leak', 'Scaled aladdin_register.technology from 40.0 to 45.0: 1.265241016612673x leak', 'aladdin_register leak has been scaled 1.265241016612673x']
2025-10-15 22:17:17 INFO        | Best-matching entry: {'technology': '40nm', 'global_cycle_seconds': '1e-9', 'width|datawidth': '1', 'dynamic energy(pJ)': '0', 'area(um^2)': '5.98E+00', 'action': 'leak', 'name': 'aladdin_register', 'n_instances': 1}
2025-10-15 22:17:17 INFO        | Scaling global_cycle_seconds from 1e-9 to 1e-09
2025-10-15 22:17:17 INFO        | Scaling technology from 40nm to 45nm
2025-10-15 22:17:17 INFO        | Scaled aladdin_register.global_cycle_seconds from 1e-09 to 1e-09: 1.0x leak
2025-10-15 22:17:17 INFO        | Scaled aladdin_register.technology from 40.0 to 45.0: 1.265241016612673x leak
2025-10-15 22:17:17 INFO        | aladdin_register leak has been scaled 1.265241016612673x
2025-10-15 22:17:17 INFO        | Multiplying by n_instances 1
2025-10-15 22:17:17 INFO        
2025-10-15 22:17:17 INFO        ENERGY ESTIMATION for aladdin_comparator(n_bits=6, global_cycle_seconds=1e-09, action_latency_cycles=1, cycle_seconds=1e-09, technology=45nm, n_instances=1).leak(global_cycle_seconds=1e-09, action_latency_cycles=1, cycle_seconds=1e-09, technology=45nm, n_instances=1)
2025-10-15 22:17:17 INFO        Library estimated 3.175754951697809e-05p with accuracy 90%. Messages:
2025-10-15 22:17:17 INFO        | Found 1 entries for aladdin_comparator.leak.
2025-10-15 22:17:17 INFO        | Checking entry "{'technology': '40nm', 'global_cycle_seconds': '1e-9', 'width|datawidth': '32', 'energy(pJ)': '2.51E-05', 'area(um^2)': '71', 'action': 'leak', 'name': 'aladdin_comparator', 'n_instances': 1}
2025-10-15 22:17:17 INFO        | value=2.51e-05, matching_attrs=2, log=['Scaling global_cycle_seconds from 1e-9 to 1e-09', 'Scaling technology from 40nm to 45nm', 'Scaled aladdin_comparator.global_cycle_seconds from 1e-09 to 1e-09: 1.0x leak', 'Scaled aladdin_comparator.technology from 40.0 to 45.0: 1.265241016612673x leak', 'aladdin_comparator leak has been scaled 1.265241016612673x']
2025-10-15 22:17:17 INFO        | Best-matching entry: {'technology': '40nm', 'global_cycle_seconds': '1e-9', 'width|datawidth': '32', 'energy(pJ)': '2.51E-05', 'area(um^2)': '71', 'action': 'leak', 'name': 'aladdin_comparator', 'n_instances': 1}
2025-10-15 22:17:17 INFO        | Scaling global_cycle_seconds from 1e-9 to 1e-09
2025-10-15 22:17:17 INFO        | Scaling technology from 40nm to 45nm
2025-10-15 22:17:17 INFO        | Scaled aladdin_comparator.global_cycle_seconds from 1e-09 to 1e-09: 1.0x leak
2025-10-15 22:17:17 INFO        | Scaled aladdin_comparator.technology from 40.0 to 45.0: 1.265241016612673x leak
2025-10-15 22:17:17 INFO        | aladdin_comparator leak has been scaled 1.265241016612673x
2025-10-15 22:17:17 INFO        | Multiplying by n_instances 1
2025-10-15 22:17:17 INFO        
2025-10-15 22:17:17 INFO        ENERGY ESTIMATION for aladdin_register(global_cycle_seconds=1e-09, action_latency_cycles=1, cycle_seconds=1e-09, technology=45nm, n_instances=1).write(global_cycle_seconds=1e-09, action_latency_cycles=1, cycle_seconds=1e-09, technology=45nm, n_instances=1)
2025-10-15 22:17:17 INFO        Library estimated 0.0p with accuracy 90%. Messages:
2025-10-15 22:17:17 INFO        | Found 1 entries for aladdin_register.write.
2025-10-15 22:17:17 INFO        | Checking entry "{'technology': '40nm', 'global_cycle_seconds': '1e-9', 'width|datawidth': '1', 'dynamic energy(pJ)': '0', 'area(um^2)': '5.98E+00', 'action': 'write', 'name': 'aladdin_register', 'n_instances': 1}
2025-10-15 22:17:17 INFO        | value=0.0, matching_attrs=2, log=['Scaling global_cycle_seconds from 1e-9 to 1e-09', 'Scaling technology from 40nm to 45nm', 'Scaled aladdin_register.global_cycle_seconds from 1e-09 to 1e-09: 1x energy', 'Scaled aladdin_register.technology from 40.0 to 45.0: 1.265241016612673x energy', 'aladdin_register energy has been scaled 1.265241016612673x']
2025-10-15 22:17:17 INFO        | Best-matching entry: {'technology': '40nm', 'global_cycle_seconds': '1e-9', 'width|datawidth': '1', 'dynamic energy(pJ)': '0', 'area(um^2)': '5.98E+00', 'action': 'write', 'name': 'aladdin_register', 'n_instances': 1}
2025-10-15 22:17:17 INFO        | Scaling global_cycle_seconds from 1e-9 to 1e-09
2025-10-15 22:17:17 INFO        | Scaling technology from 40nm to 45nm
2025-10-15 22:17:17 INFO        | Scaled aladdin_register.global_cycle_seconds from 1e-09 to 1e-09: 1x energy
2025-10-15 22:17:17 INFO        | Scaled aladdin_register.technology from 40.0 to 45.0: 1.265241016612673x energy
2025-10-15 22:17:17 INFO        | aladdin_register energy has been scaled 1.265241016612673x
2025-10-15 22:17:17 INFO        
2025-10-15 22:17:17 INFO        ENERGY ESTIMATION for aladdin_comparator(n_bits=6, global_cycle_seconds=1e-09, action_latency_cycles=1, cycle_seconds=1e-09, technology=45nm, n_instances=1).compare(global_cycle_seconds=1e-09, action_latency_cycles=1, cycle_seconds=1e-09, technology=45nm, n_instances=1)
2025-10-15 22:17:17 INFO        Library estimated 0.037286652759575475p with accuracy 90%. Messages:
2025-10-15 22:17:17 INFO        | Found 1 entries for aladdin_comparator.compare.
2025-10-15 22:17:17 INFO        | Checking entry "{'technology': '40nm', 'global_cycle_seconds': '1e-9', 'width|datawidth': '32', 'energy(pJ)': '0.02947', 'area(um^2)': '71', 'action': 'compare', 'name': 'aladdin_comparator', 'n_instances': 1}
2025-10-15 22:17:17 INFO        | value=0.02947, matching_attrs=2, log=['Scaling global_cycle_seconds from 1e-9 to 1e-09', 'Scaling technology from 40nm to 45nm', 'Scaled aladdin_comparator.global_cycle_seconds from 1e-09 to 1e-09: 1x energy', 'Scaled aladdin_comparator.technology from 40.0 to 45.0: 1.265241016612673x energy', 'aladdin_comparator energy has been scaled 1.265241016612673x']
2025-10-15 22:17:17 INFO        | Best-matching entry: {'technology': '40nm', 'global_cycle_seconds': '1e-9', 'width|datawidth': '32', 'energy(pJ)': '0.02947', 'area(um^2)': '71', 'action': 'compare', 'name': 'aladdin_comparator', 'n_instances': 1}
2025-10-15 22:17:17 INFO        | Scaling global_cycle_seconds from 1e-9 to 1e-09
2025-10-15 22:17:17 INFO        | Scaling technology from 40nm to 45nm
2025-10-15 22:17:17 INFO        | Scaled aladdin_comparator.global_cycle_seconds from 1e-09 to 1e-09: 1x energy
2025-10-15 22:17:17 INFO        | Scaled aladdin_comparator.technology from 40.0 to 45.0: 1.265241016612673x energy
2025-10-15 22:17:17 INFO        | aladdin_comparator energy has been scaled 1.265241016612673x
2025-10-15 22:17:17 INFO        
2025-10-15 22:17:17 INFO        ENERGY ESTIMATION for aladdin_adder(width=16, global_cycle_seconds=1e-09, action_latency_cycles=1, cycle_seconds=1e-09, technology=45nm, n_instances=1).read(global_cycle_seconds=1e-09, action_latency_cycles=1, cycle_seconds=1e-09, technology=45nm, n_instances=1)
2025-10-15 22:17:17 INFO        Library estimated 0.13285030674433068p with accuracy 90%. Messages:
2025-10-15 22:17:17 INFO        | Found 1 entries for aladdin_adder.read.
2025-10-15 22:17:17 INFO        | Checking entry "{'technology': '40nm', 'global_cycle_seconds': '1e-9', 'width|datawidth': '32', 'energy': '0.21', 'area': '2.78E+02', 'action': 'read', 'name': 'aladdin_adder', 'n_instances': 1}
2025-10-15 22:17:17 INFO        | value=0.21, matching_attrs=2, log=['Scaling width from 32 to 16', 'Scaling global_cycle_seconds from 1e-9 to 1e-09', 'Scaling technology from 40nm to 45nm', 'Scaled aladdin_adder.width from 32.0 to 16.0: 0.5x energy', 'Scaled aladdin_adder.global_cycle_seconds from 1e-09 to 1e-09: 1x energy', 'Scaled aladdin_adder.technology from 40.0 to 45.0: 1.265241016612673x energy', 'aladdin_adder energy has been scaled 0.6326205083063365x']
2025-10-15 22:17:17 INFO        | Best-matching entry: {'technology': '40nm', 'global_cycle_seconds': '1e-9', 'width|datawidth': '32', 'energy': '0.21', 'area': '2.78E+02', 'action': 'read', 'name': 'aladdin_adder', 'n_instances': 1}
2025-10-15 22:17:17 INFO        | Scaling width from 32 to 16
2025-10-15 22:17:17 INFO        | Scaling global_cycle_seconds from 1e-9 to 1e-09
2025-10-15 22:17:17 INFO        | Scaling technology from 40nm to 45nm
2025-10-15 22:17:17 INFO        | Scaled aladdin_adder.width from 32.0 to 16.0: 0.5x energy
2025-10-15 22:17:17 INFO        | Scaled aladdin_adder.global_cycle_seconds from 1e-09 to 1e-09: 1x energy
2025-10-15 22:17:17 INFO        | Scaled aladdin_adder.technology from 40.0 to 45.0: 1.265241016612673x energy
2025-10-15 22:17:17 INFO        | aladdin_adder energy has been scaled 0.6326205083063365x
2025-10-15 22:17:17 INFO        
2025-10-15 22:17:17 INFO        ENERGY ESTIMATION for aladdin_multiplier(width_a=8, width_b=8, global_cycle_seconds=1e-09, action_latency_cycles=1, cycle_seconds=1e-09, technology=45nm, n_instances=1).read(global_cycle_seconds=1e-09, action_latency_cycles=1, cycle_seconds=1e-09, technology=45nm, n_instances=1)
2025-10-15 22:17:17 INFO        Library estimated 1.0027035056655433p with accuracy 90%. Messages:
2025-10-15 22:17:17 INFO        | Found 1 entries for aladdin_multiplier.read.
2025-10-15 22:17:17 INFO        | Checking entry "{'technology': '40nm', 'global_cycle_seconds': '1e-9', 'width|datawidth': '32', 'width_a|datawidth_a': '32', 'width_b|datawidth_b': '32', 'energy(pJ)': '12.68', 'area(um^2)': '6350', 'action': 'read', 'name': 'aladdin_multiplier', 'n_instances': 1}
2025-10-15 22:17:17 INFO        | value=12.68, matching_attrs=2, log=['Scaling width_a from 32 to 8', 'Scaling width_b from 32 to 8', 'Scaling global_cycle_seconds from 1e-9 to 1e-09', 'Scaling technology from 40nm to 45nm', 'Scaled aladdin_multiplier.width_a from 32.0 to 8.0: 0.25x energy', 'Scaled aladdin_multiplier.width_b from 32.0 to 8.0: 0.25x energy', 'Scaled aladdin_multiplier.global_cycle_seconds from 1e-09 to 1e-09: 1x energy', 'Scaled aladdin_multiplier.technology from 40.0 to 45.0: 1.265241016612673x energy', 'aladdin_multiplier energy has been scaled 0.07907756353829207x']
2025-10-15 22:17:17 INFO        | Best-matching entry: {'technology': '40nm', 'global_cycle_seconds': '1e-9', 'width|datawidth': '32', 'width_a|datawidth_a': '32', 'width_b|datawidth_b': '32', 'energy(pJ)': '12.68', 'area(um^2)': '6350', 'action': 'read', 'name': 'aladdin_multiplier', 'n_instances': 1}
2025-10-15 22:17:17 INFO        | Scaling width_a from 32 to 8
2025-10-15 22:17:17 INFO        | Scaling width_b from 32 to 8
2025-10-15 22:17:17 INFO        | Scaling global_cycle_seconds from 1e-9 to 1e-09
2025-10-15 22:17:17 INFO        | Scaling technology from 40nm to 45nm
2025-10-15 22:17:17 INFO        | Scaled aladdin_multiplier.width_a from 32.0 to 8.0: 0.25x energy
2025-10-15 22:17:17 INFO        | Scaled aladdin_multiplier.width_b from 32.0 to 8.0: 0.25x energy
2025-10-15 22:17:17 INFO        | Scaled aladdin_multiplier.global_cycle_seconds from 1e-09 to 1e-09: 1x energy
2025-10-15 22:17:17 INFO        | Scaled aladdin_multiplier.technology from 40.0 to 45.0: 1.265241016612673x energy
2025-10-15 22:17:17 INFO        | aladdin_multiplier energy has been scaled 0.07907756353829207x
2025-10-15 22:17:17 INFO        
2025-10-15 22:17:17 INFO        ENERGY ESTIMATION for aladdin_adder(width=16, global_cycle_seconds=1e-09, action_latency_cycles=1, cycle_seconds=1e-09, technology=45nm, n_instances=1).leak(global_cycle_seconds=1e-09, action_latency_cycles=1, cycle_seconds=1e-09, technology=45nm, n_instances=1)
2025-10-15 22:17:17 INFO        Library estimated 0.0015182892199352076p with accuracy 90%. Messages:
2025-10-15 22:17:17 INFO        | Found 1 entries for aladdin_adder.leak.
2025-10-15 22:17:17 INFO        | Checking entry "{'technology': '40nm', 'global_cycle_seconds': '1e-9', 'width|datawidth': '32', 'energy': '0.0024', 'area': '2.78E+02', 'action': 'leak', 'name': 'aladdin_adder', 'n_instances': 1}
2025-10-15 22:17:17 INFO        | value=0.0024, matching_attrs=2, log=['Scaling width from 32 to 16', 'Scaling global_cycle_seconds from 1e-9 to 1e-09', 'Scaling technology from 40nm to 45nm', 'Scaled aladdin_adder.width from 32.0 to 16.0: 0.5x leak', 'Scaled aladdin_adder.global_cycle_seconds from 1e-09 to 1e-09: 1.0x leak', 'Scaled aladdin_adder.technology from 40.0 to 45.0: 1.265241016612673x leak', 'aladdin_adder leak has been scaled 0.6326205083063365x']
2025-10-15 22:17:17 INFO        | Best-matching entry: {'technology': '40nm', 'global_cycle_seconds': '1e-9', 'width|datawidth': '32', 'energy': '0.0024', 'area': '2.78E+02', 'action': 'leak', 'name': 'aladdin_adder', 'n_instances': 1}
2025-10-15 22:17:17 INFO        | Scaling width from 32 to 16
2025-10-15 22:17:17 INFO        | Scaling global_cycle_seconds from 1e-9 to 1e-09
2025-10-15 22:17:17 INFO        | Scaling technology from 40nm to 45nm
2025-10-15 22:17:17 INFO        | Scaled aladdin_adder.width from 32.0 to 16.0: 0.5x leak
2025-10-15 22:17:17 INFO        | Scaled aladdin_adder.global_cycle_seconds from 1e-09 to 1e-09: 1.0x leak
2025-10-15 22:17:17 INFO        | Scaled aladdin_adder.technology from 40.0 to 45.0: 1.265241016612673x leak
2025-10-15 22:17:17 INFO        | aladdin_adder leak has been scaled 0.6326205083063365x
2025-10-15 22:17:17 INFO        | Multiplying by n_instances 1
2025-10-15 22:17:17 INFO        
2025-10-15 22:17:17 INFO        ENERGY ESTIMATION for aladdin_multiplier(width_a=8, width_b=8, global_cycle_seconds=1e-09, action_latency_cycles=1, cycle_seconds=1e-09, technology=45nm, n_instances=1).leak(global_cycle_seconds=1e-09, action_latency_cycles=1, cycle_seconds=1e-09, technology=45nm, n_instances=1)
2025-10-15 22:17:17 INFO        Library estimated 0.006326205083063366p with accuracy 90%. Messages:
2025-10-15 22:17:17 INFO        | Found 1 entries for aladdin_multiplier.leak.
2025-10-15 22:17:17 INFO        | Checking entry "{'technology': '40nm', 'global_cycle_seconds': '1e-9', 'width|datawidth': '32', 'width_a|datawidth_a': '32', 'width_b|datawidth_b': '32', 'energy(pJ)': '0.08', 'area(um^2)': '6350', 'action': 'leak', 'name': 'aladdin_multiplier', 'n_instances': 1}
2025-10-15 22:17:17 INFO        | value=0.08, matching_attrs=2, log=['Scaling width_a from 32 to 8', 'Scaling width_b from 32 to 8', 'Scaling global_cycle_seconds from 1e-9 to 1e-09', 'Scaling technology from 40nm to 45nm', 'Scaled aladdin_multiplier.width_a from 32.0 to 8.0: 0.25x leak', 'Scaled aladdin_multiplier.width_b from 32.0 to 8.0: 0.25x leak', 'Scaled aladdin_multiplier.global_cycle_seconds from 1e-09 to 1e-09: 1.0x leak', 'Scaled aladdin_multiplier.technology from 40.0 to 45.0: 1.265241016612673x leak', 'aladdin_multiplier leak has been scaled 0.07907756353829207x']
2025-10-15 22:17:17 INFO        | Best-matching entry: {'technology': '40nm', 'global_cycle_seconds': '1e-9', 'width|datawidth': '32', 'width_a|datawidth_a': '32', 'width_b|datawidth_b': '32', 'energy(pJ)': '0.08', 'area(um^2)': '6350', 'action': 'leak', 'name': 'aladdin_multiplier', 'n_instances': 1}
2025-10-15 22:17:17 INFO        | Scaling width_a from 32 to 8
2025-10-15 22:17:17 INFO        | Scaling width_b from 32 to 8
2025-10-15 22:17:17 INFO        | Scaling global_cycle_seconds from 1e-9 to 1e-09
2025-10-15 22:17:17 INFO        | Scaling technology from 40nm to 45nm
2025-10-15 22:17:17 INFO        | Scaled aladdin_multiplier.width_a from 32.0 to 8.0: 0.25x leak
2025-10-15 22:17:17 INFO        | Scaled aladdin_multiplier.width_b from 32.0 to 8.0: 0.25x leak
2025-10-15 22:17:17 INFO        | Scaled aladdin_multiplier.global_cycle_seconds from 1e-09 to 1e-09: 1.0x leak
2025-10-15 22:17:17 INFO        | Scaled aladdin_multiplier.technology from 40.0 to 45.0: 1.265241016612673x leak
2025-10-15 22:17:17 INFO        | aladdin_multiplier leak has been scaled 0.07907756353829207x
2025-10-15 22:17:17 INFO        | Multiplying by n_instances 1
2025-10-15 22:17:17 WARNING     No action counts are specified as yaml input
2025-10-15 22:17:17 INFO        
2025-10-15 22:17:17 INFO        AREA ESTIMATION for aladdin_register(global_cycle_seconds=1e-09, action_latency_cycles=1, cycle_seconds=1e-09, technology=45nm, n_instances=1)
2025-10-15 22:17:17 INFO        Library estimated 10.396u^2 with accuracy 90%. Messages:
2025-10-15 22:17:17 INFO        | Found 4 entries for aladdin_register.
2025-10-15 22:17:17 INFO        | Checking entry "{'technology': '40nm', 'global_cycle_seconds': '1e-9', 'width|datawidth': '1', 'dynamic energy(pJ)': '0.009', 'area(um^2)': '5.98E+00', 'action': 'read', 'name': 'aladdin_register', 'n_instances': 1}
2025-10-15 22:17:17 INFO        | value=5.98, matching_attrs=2, log=['Scaling global_cycle_seconds from 1e-9 to 1e-09', 'Scaling technology from 40nm to 45nm', 'Scaled aladdin_register.global_cycle_seconds from 1e-09 to 1e-09: 1x area', 'Scaled aladdin_register.technology from 40.0 to 45.0: 1.7384615384615385x area', 'aladdin_register area has been scaled 1.7384615384615385x']
2025-10-15 22:17:17 INFO        | Checking entry "{'technology': '40nm', 'global_cycle_seconds': '1e-9', 'width|datawidth': '1', 'dynamic energy(pJ)': '0', 'area(um^2)': '5.98E+00', 'action': 'write', 'name': 'aladdin_register', 'n_instances': 1}
2025-10-15 22:17:17 INFO        | value=5.98, matching_attrs=2, log=['Scaling global_cycle_seconds from 1e-9 to 1e-09', 'Scaling technology from 40nm to 45nm', 'Scaled aladdin_register.global_cycle_seconds from 1e-09 to 1e-09: 1x area', 'Scaled aladdin_register.technology from 40.0 to 45.0: 1.7384615384615385x area', 'aladdin_register area has been scaled 1.7384615384615385x']
2025-10-15 22:17:17 INFO        | Checking entry "{'technology': '40nm', 'global_cycle_seconds': '1e-9', 'width|datawidth': '1', 'dynamic energy(pJ)': '0', 'area(um^2)': '5.98E+00', 'action': 'leak', 'name': 'aladdin_register', 'n_instances': 1}
2025-10-15 22:17:17 INFO        | value=5.98, matching_attrs=2, log=['Scaling global_cycle_seconds from 1e-9 to 1e-09', 'Scaling technology from 40nm to 45nm', 'Scaled aladdin_register.global_cycle_seconds from 1e-09 to 1e-09: 1x area', 'Scaled aladdin_register.technology from 40.0 to 45.0: 1.7384615384615385x area', 'aladdin_register area has been scaled 1.7384615384615385x']
2025-10-15 22:17:17 INFO        | Checking entry "{'technology': '40nm', 'global_cycle_seconds': '1e-9', 'width|datawidth': '1', 'dynamic energy(pJ)': '0', 'area(um^2)': '5.98E+00', 'action': 'update', 'name': 'aladdin_register', 'n_instances': 1}
2025-10-15 22:17:17 INFO        | value=5.98, matching_attrs=2, log=['Scaling global_cycle_seconds from 1e-9 to 1e-09', 'Scaling technology from 40nm to 45nm', 'Scaled aladdin_register.global_cycle_seconds from 1e-09 to 1e-09: 1x area', 'Scaled aladdin_register.technology from 40.0 to 45.0: 1.7384615384615385x area', 'aladdin_register area has been scaled 1.7384615384615385x']
2025-10-15 22:17:17 INFO        | Best-matching entry: {'technology': '40nm', 'global_cycle_seconds': '1e-9', 'width|datawidth': '1', 'dynamic energy(pJ)': '0.009', 'area(um^2)': '5.98E+00', 'action': 'read', 'name': 'aladdin_register', 'n_instances': 1}
2025-10-15 22:17:17 INFO        | Scaling global_cycle_seconds from 1e-9 to 1e-09
2025-10-15 22:17:17 INFO        | Scaling technology from 40nm to 45nm
2025-10-15 22:17:17 INFO        | Scaled aladdin_register.global_cycle_seconds from 1e-09 to 1e-09: 1x area
2025-10-15 22:17:17 INFO        | Scaled aladdin_register.technology from 40.0 to 45.0: 1.7384615384615385x area
2025-10-15 22:17:17 INFO        | aladdin_register area has been scaled 1.7384615384615385x
2025-10-15 22:17:17 INFO        | Multiplying by n_instances 1
2025-10-15 22:17:17 INFO        
2025-10-15 22:17:17 INFO        AREA ESTIMATION for aladdin_comparator(n_bits=6, global_cycle_seconds=1e-09, action_latency_cycles=1, cycle_seconds=1e-09, technology=45nm, n_instances=1)
2025-10-15 22:17:17 INFO        Library estimated 123.43076923076923u^2 with accuracy 90%. Messages:
2025-10-15 22:17:17 INFO        | Found 5 entries for aladdin_comparator.
2025-10-15 22:17:17 INFO        | Checking entry "{'technology': '40nm', 'global_cycle_seconds': '1e-9', 'width|datawidth': '32', 'energy(pJ)': '0.02947', 'area(um^2)': '71', 'action': 'compare', 'name': 'aladdin_comparator', 'n_instances': 1}
2025-10-15 22:17:17 INFO        | value=71.0, matching_attrs=2, log=['Scaling global_cycle_seconds from 1e-9 to 1e-09', 'Scaling technology from 40nm to 45nm', 'Scaled aladdin_comparator.global_cycle_seconds from 1e-09 to 1e-09: 1x area', 'Scaled aladdin_comparator.technology from 40.0 to 45.0: 1.7384615384615385x area', 'aladdin_comparator area has been scaled 1.7384615384615385x']
2025-10-15 22:17:17 INFO        | Checking entry "{'technology': '40nm', 'global_cycle_seconds': '1e-9', 'width|datawidth': '32', 'energy(pJ)': '0.02947', 'area(um^2)': '71', 'action': 'read', 'name': 'aladdin_comparator', 'n_instances': 1}
2025-10-15 22:17:17 INFO        | value=71.0, matching_attrs=2, log=['Scaling global_cycle_seconds from 1e-9 to 1e-09', 'Scaling technology from 40nm to 45nm', 'Scaled aladdin_comparator.global_cycle_seconds from 1e-09 to 1e-09: 1x area', 'Scaled aladdin_comparator.technology from 40.0 to 45.0: 1.7384615384615385x area', 'aladdin_comparator area has been scaled 1.7384615384615385x']
2025-10-15 22:17:17 INFO        | Checking entry "{'technology': '40nm', 'global_cycle_seconds': '1e-9', 'width|datawidth': '32', 'energy(pJ)': '2.51E-05', 'area(um^2)': '71', 'action': 'leak', 'name': 'aladdin_comparator', 'n_instances': 1}
2025-10-15 22:17:17 INFO        | value=71.0, matching_attrs=2, log=['Scaling global_cycle_seconds from 1e-9 to 1e-09', 'Scaling technology from 40nm to 45nm', 'Scaled aladdin_comparator.global_cycle_seconds from 1e-09 to 1e-09: 1x area', 'Scaled aladdin_comparator.technology from 40.0 to 45.0: 1.7384615384615385x area', 'aladdin_comparator area has been scaled 1.7384615384615385x']
2025-10-15 22:17:17 INFO        | Checking entry "{'technology': '40nm', 'global_cycle_seconds': '1e-9', 'width|datawidth': '32', 'energy(pJ)': '0', 'area(um^2)': '71', 'action': 'update', 'name': 'aladdin_comparator', 'n_instances': 1}
2025-10-15 22:17:17 INFO        | value=71.0, matching_attrs=2, log=['Scaling global_cycle_seconds from 1e-9 to 1e-09', 'Scaling technology from 40nm to 45nm', 'Scaled aladdin_comparator.global_cycle_seconds from 1e-09 to 1e-09: 1x area', 'Scaled aladdin_comparator.technology from 40.0 to 45.0: 1.7384615384615385x area', 'aladdin_comparator area has been scaled 1.7384615384615385x']
2025-10-15 22:17:17 INFO        | Checking entry "{'technology': '40nm', 'global_cycle_seconds': '1e-9', 'width|datawidth': '32', 'energy(pJ)': '0', 'area(um^2)': '71', 'action': 'write', 'name': 'aladdin_comparator', 'n_instances': 1}
2025-10-15 22:17:17 INFO        | value=71.0, matching_attrs=2, log=['Scaling global_cycle_seconds from 1e-9 to 1e-09', 'Scaling technology from 40nm to 45nm', 'Scaled aladdin_comparator.global_cycle_seconds from 1e-09 to 1e-09: 1x area', 'Scaled aladdin_comparator.technology from 40.0 to 45.0: 1.7384615384615385x area', 'aladdin_comparator area has been scaled 1.7384615384615385x']
2025-10-15 22:17:17 INFO        | Best-matching entry: {'technology': '40nm', 'global_cycle_seconds': '1e-9', 'width|datawidth': '32', 'energy(pJ)': '0.02947', 'area(um^2)': '71', 'action': 'compare', 'name': 'aladdin_comparator', 'n_instances': 1}
2025-10-15 22:17:17 INFO        | Scaling global_cycle_seconds from 1e-9 to 1e-09
2025-10-15 22:17:17 INFO        | Scaling technology from 40nm to 45nm
2025-10-15 22:17:17 INFO        | Scaled aladdin_comparator.global_cycle_seconds from 1e-09 to 1e-09: 1x area
2025-10-15 22:17:17 INFO        | Scaled aladdin_comparator.technology from 40.0 to 45.0: 1.7384615384615385x area
2025-10-15 22:17:17 INFO        | aladdin_comparator area has been scaled 1.7384615384615385x
2025-10-15 22:17:17 INFO        | Multiplying by n_instances 1
2025-10-15 22:17:17 INFO        
2025-10-15 22:17:17 INFO        AREA ESTIMATION for aladdin_adder(width=16, global_cycle_seconds=1e-09, action_latency_cycles=1, cycle_seconds=1e-09, technology=45nm, n_instances=1)
2025-10-15 22:17:17 INFO        Library estimated 241.64615384615385u^2 with accuracy 90%. Messages:
2025-10-15 22:17:17 INFO        | Found 5 entries for aladdin_adder.
2025-10-15 22:17:17 INFO        | Checking entry "{'technology': '40nm', 'global_cycle_seconds': '1e-9', 'width|datawidth': '32', 'energy': '0.21', 'area': '2.78E+02', 'action': 'add', 'name': 'aladdin_adder', 'n_instances': 1}
2025-10-15 22:17:17 INFO        | value=278.0, matching_attrs=2, log=['Scaling width from 32 to 16', 'Scaling global_cycle_seconds from 1e-9 to 1e-09', 'Scaling technology from 40nm to 45nm', 'Scaled aladdin_adder.width from 32.0 to 16.0: 0.5x area', 'Scaled aladdin_adder.global_cycle_seconds from 1e-09 to 1e-09: 1x area', 'Scaled aladdin_adder.technology from 40.0 to 45.0: 1.7384615384615385x area', 'aladdin_adder area has been scaled 0.8692307692307693x']
2025-10-15 22:17:17 INFO        | Checking entry "{'technology': '40nm', 'global_cycle_seconds': '1e-9', 'width|datawidth': '32', 'energy': '0.21', 'area': '2.78E+02', 'action': 'read', 'name': 'aladdin_adder', 'n_instances': 1}
2025-10-15 22:17:17 INFO        | value=278.0, matching_attrs=2, log=['Scaling width from 32 to 16', 'Scaling global_cycle_seconds from 1e-9 to 1e-09', 'Scaling technology from 40nm to 45nm', 'Scaled aladdin_adder.width from 32.0 to 16.0: 0.5x area', 'Scaled aladdin_adder.global_cycle_seconds from 1e-09 to 1e-09: 1x area', 'Scaled aladdin_adder.technology from 40.0 to 45.0: 1.7384615384615385x area', 'aladdin_adder area has been scaled 0.8692307692307693x']
2025-10-15 22:17:17 INFO        | Checking entry "{'technology': '40nm', 'global_cycle_seconds': '1e-9', 'width|datawidth': '32', 'energy': '0.0024', 'area': '2.78E+02', 'action': 'leak', 'name': 'aladdin_adder', 'n_instances': 1}
2025-10-15 22:17:17 INFO        | value=278.0, matching_attrs=2, log=['Scaling width from 32 to 16', 'Scaling global_cycle_seconds from 1e-9 to 1e-09', 'Scaling technology from 40nm to 45nm', 'Scaled aladdin_adder.width from 32.0 to 16.0: 0.5x area', 'Scaled aladdin_adder.global_cycle_seconds from 1e-09 to 1e-09: 1x area', 'Scaled aladdin_adder.technology from 40.0 to 45.0: 1.7384615384615385x area', 'aladdin_adder area has been scaled 0.8692307692307693x']
2025-10-15 22:17:17 INFO        | Checking entry "{'technology': '40nm', 'global_cycle_seconds': '1e-9', 'width|datawidth': '32', 'energy': '0', 'area': '2.78E+02', 'action': 'update', 'name': 'aladdin_adder', 'n_instances': 1}
2025-10-15 22:17:17 INFO        | value=278.0, matching_attrs=2, log=['Scaling width from 32 to 16', 'Scaling global_cycle_seconds from 1e-9 to 1e-09', 'Scaling technology from 40nm to 45nm', 'Scaled aladdin_adder.width from 32.0 to 16.0: 0.5x area', 'Scaled aladdin_adder.global_cycle_seconds from 1e-09 to 1e-09: 1x area', 'Scaled aladdin_adder.technology from 40.0 to 45.0: 1.7384615384615385x area', 'aladdin_adder area has been scaled 0.8692307692307693x']
2025-10-15 22:17:17 INFO        | Checking entry "{'technology': '40nm', 'global_cycle_seconds': '1e-9', 'width|datawidth': '32', 'energy': '0', 'area': '2.78E+02', 'action': 'write', 'name': 'aladdin_adder', 'n_instances': 1}
2025-10-15 22:17:17 INFO        | value=278.0, matching_attrs=2, log=['Scaling width from 32 to 16', 'Scaling global_cycle_seconds from 1e-9 to 1e-09', 'Scaling technology from 40nm to 45nm', 'Scaled aladdin_adder.width from 32.0 to 16.0: 0.5x area', 'Scaled aladdin_adder.global_cycle_seconds from 1e-09 to 1e-09: 1x area', 'Scaled aladdin_adder.technology from 40.0 to 45.0: 1.7384615384615385x area', 'aladdin_adder area has been scaled 0.8692307692307693x']
2025-10-15 22:17:17 INFO        | Best-matching entry: {'technology': '40nm', 'global_cycle_seconds': '1e-9', 'width|datawidth': '32', 'energy': '0.21', 'area': '2.78E+02', 'action': 'add', 'name': 'aladdin_adder', 'n_instances': 1}
2025-10-15 22:17:17 INFO        | Scaling width from 32 to 16
2025-10-15 22:17:17 INFO        | Scaling global_cycle_seconds from 1e-9 to 1e-09
2025-10-15 22:17:17 INFO        | Scaling technology from 40nm to 45nm
2025-10-15 22:17:17 INFO        | Scaled aladdin_adder.width from 32.0 to 16.0: 0.5x area
2025-10-15 22:17:17 INFO        | Scaled aladdin_adder.global_cycle_seconds from 1e-09 to 1e-09: 1x area
2025-10-15 22:17:17 INFO        | Scaled aladdin_adder.technology from 40.0 to 45.0: 1.7384615384615385x area
2025-10-15 22:17:17 INFO        | aladdin_adder area has been scaled 0.8692307692307693x
2025-10-15 22:17:17 INFO        | Multiplying by n_instances 1
2025-10-15 22:17:17 INFO        
2025-10-15 22:17:17 INFO        AREA ESTIMATION for aladdin_multiplier(width_a=8, width_b=8, global_cycle_seconds=1e-09, action_latency_cycles=1, cycle_seconds=1e-09, technology=45nm, n_instances=1)
2025-10-15 22:17:17 INFO        Library estimated 689.9519230769231u^2 with accuracy 90%. Messages:
2025-10-15 22:17:17 INFO        | Found 5 entries for aladdin_multiplier.
2025-10-15 22:17:17 INFO        | Checking entry "{'technology': '40nm', 'global_cycle_seconds': '1e-9', 'width|datawidth': '32', 'width_a|datawidth_a': '32', 'width_b|datawidth_b': '32', 'energy(pJ)': '12.68', 'area(um^2)': '6350', 'action': 'multiply', 'name': 'aladdin_multiplier', 'n_instances': 1}
2025-10-15 22:17:17 INFO        | value=6350.0, matching_attrs=2, log=['Scaling width_a from 32 to 8', 'Scaling width_b from 32 to 8', 'Scaling global_cycle_seconds from 1e-9 to 1e-09', 'Scaling technology from 40nm to 45nm', 'Scaled aladdin_multiplier.width_a from 32.0 to 8.0: 0.25x area', 'Scaled aladdin_multiplier.width_b from 32.0 to 8.0: 0.25x area', 'Scaled aladdin_multiplier.global_cycle_seconds from 1e-09 to 1e-09: 1x area', 'Scaled aladdin_multiplier.technology from 40.0 to 45.0: 1.7384615384615385x area', 'aladdin_multiplier area has been scaled 0.10865384615384616x']
2025-10-15 22:17:17 INFO        | Checking entry "{'technology': '40nm', 'global_cycle_seconds': '1e-9', 'width|datawidth': '32', 'width_a|datawidth_a': '32', 'width_b|datawidth_b': '32', 'energy(pJ)': '12.68', 'area(um^2)': '6350', 'action': 'read', 'name': 'aladdin_multiplier', 'n_instances': 1}
2025-10-15 22:17:17 INFO        | value=6350.0, matching_attrs=2, log=['Scaling width_a from 32 to 8', 'Scaling width_b from 32 to 8', 'Scaling global_cycle_seconds from 1e-9 to 1e-09', 'Scaling technology from 40nm to 45nm', 'Scaled aladdin_multiplier.width_a from 32.0 to 8.0: 0.25x area', 'Scaled aladdin_multiplier.width_b from 32.0 to 8.0: 0.25x area', 'Scaled aladdin_multiplier.global_cycle_seconds from 1e-09 to 1e-09: 1x area', 'Scaled aladdin_multiplier.technology from 40.0 to 45.0: 1.7384615384615385x area', 'aladdin_multiplier area has been scaled 0.10865384615384616x']
2025-10-15 22:17:17 INFO        | Checking entry "{'technology': '40nm', 'global_cycle_seconds': '1e-9', 'width|datawidth': '32', 'width_a|datawidth_a': '32', 'width_b|datawidth_b': '32', 'energy(pJ)': '0.08', 'area(um^2)': '6350', 'action': 'leak', 'name': 'aladdin_multiplier', 'n_instances': 1}
2025-10-15 22:17:17 INFO        | value=6350.0, matching_attrs=2, log=['Scaling width_a from 32 to 8', 'Scaling width_b from 32 to 8', 'Scaling global_cycle_seconds from 1e-9 to 1e-09', 'Scaling technology from 40nm to 45nm', 'Scaled aladdin_multiplier.width_a from 32.0 to 8.0: 0.25x area', 'Scaled aladdin_multiplier.width_b from 32.0 to 8.0: 0.25x area', 'Scaled aladdin_multiplier.global_cycle_seconds from 1e-09 to 1e-09: 1x area', 'Scaled aladdin_multiplier.technology from 40.0 to 45.0: 1.7384615384615385x area', 'aladdin_multiplier area has been scaled 0.10865384615384616x']
2025-10-15 22:17:17 INFO        | Checking entry "{'technology': '40nm', 'global_cycle_seconds': '1e-9', 'width|datawidth': '32', 'width_a|datawidth_a': '32', 'width_b|datawidth_b': '32', 'energy(pJ)': '0', 'area(um^2)': '6350', 'action': 'update', 'name': 'aladdin_multiplier', 'n_instances': 1}
2025-10-15 22:17:17 INFO        | value=6350.0, matching_attrs=2, log=['Scaling width_a from 32 to 8', 'Scaling width_b from 32 to 8', 'Scaling global_cycle_seconds from 1e-9 to 1e-09', 'Scaling technology from 40nm to 45nm', 'Scaled aladdin_multiplier.width_a from 32.0 to 8.0: 0.25x area', 'Scaled aladdin_multiplier.width_b from 32.0 to 8.0: 0.25x area', 'Scaled aladdin_multiplier.global_cycle_seconds from 1e-09 to 1e-09: 1x area', 'Scaled aladdin_multiplier.technology from 40.0 to 45.0: 1.7384615384615385x area', 'aladdin_multiplier area has been scaled 0.10865384615384616x']
2025-10-15 22:17:17 INFO        | Checking entry "{'technology': '40nm', 'global_cycle_seconds': '1e-9', 'width|datawidth': '32', 'width_a|datawidth_a': '32', 'width_b|datawidth_b': '32', 'energy(pJ)': '0', 'area(um^2)': '6350', 'action': 'write', 'name': 'aladdin_multiplier', 'n_instances': 1}
2025-10-15 22:17:17 INFO        | value=6350.0, matching_attrs=2, log=['Scaling width_a from 32 to 8', 'Scaling width_b from 32 to 8', 'Scaling global_cycle_seconds from 1e-9 to 1e-09', 'Scaling technology from 40nm to 45nm', 'Scaled aladdin_multiplier.width_a from 32.0 to 8.0: 0.25x area', 'Scaled aladdin_multiplier.width_b from 32.0 to 8.0: 0.25x area', 'Scaled aladdin_multiplier.global_cycle_seconds from 1e-09 to 1e-09: 1x area', 'Scaled aladdin_multiplier.technology from 40.0 to 45.0: 1.7384615384615385x area', 'aladdin_multiplier area has been scaled 0.10865384615384616x']
2025-10-15 22:17:17 INFO        | Best-matching entry: {'technology': '40nm', 'global_cycle_seconds': '1e-9', 'width|datawidth': '32', 'width_a|datawidth_a': '32', 'width_b|datawidth_b': '32', 'energy(pJ)': '12.68', 'area(um^2)': '6350', 'action': 'multiply', 'name': 'aladdin_multiplier', 'n_instances': 1}
2025-10-15 22:17:17 INFO        | Scaling width_a from 32 to 8
2025-10-15 22:17:17 INFO        | Scaling width_b from 32 to 8
2025-10-15 22:17:17 INFO        | Scaling global_cycle_seconds from 1e-9 to 1e-09
2025-10-15 22:17:17 INFO        | Scaling technology from 40nm to 45nm
2025-10-15 22:17:17 INFO        | Scaled aladdin_multiplier.width_a from 32.0 to 8.0: 0.25x area
2025-10-15 22:17:17 INFO        | Scaled aladdin_multiplier.width_b from 32.0 to 8.0: 0.25x area
2025-10-15 22:17:17 INFO        | Scaled aladdin_multiplier.global_cycle_seconds from 1e-09 to 1e-09: 1x area
2025-10-15 22:17:17 INFO        | Scaled aladdin_multiplier.technology from 40.0 to 45.0: 1.7384615384615385x area
2025-10-15 22:17:17 INFO        | aladdin_multiplier area has been scaled 0.10865384615384616x
2025-10-15 22:17:17 INFO        | Multiplying by n_instances 1
2025-10-15 22:17:17 INFO        flattened architecture is saved to:
2025-10-15 22:17:17 INFO        ./timeloop-mapper.flattened_architecture.yaml
2025-10-15 22:17:17 INFO        energy reference table is saved to:
2025-10-15 22:17:17 INFO        ./timeloop-mapper.ERT.yaml
2025-10-15 22:17:17 INFO        energy reference table summary is saved to:
2025-10-15 22:17:17 INFO        ./timeloop-mapper.ERT_summary.yaml
2025-10-15 22:17:17 WARNING     no runtime energy estimations are generated... not generating energy_estimation.yaml
2025-10-15 22:17:17 INFO        area reference table is saved to:
2025-10-15 22:17:17 INFO        ./timeloop-mapper.ART.yaml
2025-10-15 22:17:17 INFO        area reference table summary is saved to:
2025-10-15 22:17:17 INFO        ./timeloop-mapper.ART_summary.yaml
